10:15:35.297 [restartedMain] INFO  c.s.Application - [logStarting,50] - Starting Application on SKY-20170913ZDM with PID 3896 (D:\workspace\inventory\springBoot-mybaties\target\classes started by Administrator in D:\workspace\inventory\springBoot-mybaties)
10:15:35.329 [restartedMain] INFO  c.s.Application - [logStartupProfileInfo,663] - The following profiles are active: dev
10:15:39.346 [restartedMain] INFO  o.a.s.c.e.EhCacheManager - [getCache,158] - Cache with name 'com.student.shiro.UserRealm.authorizationCache' does not yet exist.  Creating now.
10:15:39.346 [restartedMain] INFO  o.a.s.c.e.EhCacheManager - [getCache,165] - Added EhCache named [com.student.shiro.UserRealm.authorizationCache]
10:15:39.861 [restartedMain] INFO  c.a.d.p.DruidDataSource - [init,928] - {dataSource-1} inited
10:15:40.786 [restartedMain] INFO  o.a.s.c.e.EhCacheManager - [getCache,169] - Using existing EHCache named [loginRecordCache]
10:15:42.333 [restartedMain] INFO  o.a.c.h.Http11NioProtocol - [log,180] - Initializing ProtocolHandler ["http-nio-80"]
10:15:42.352 [restartedMain] INFO  o.a.c.c.StandardService - [log,180] - Starting service [Tomcat]
10:15:42.352 [restartedMain] INFO  o.a.c.c.StandardEngine - [log,180] - Starting Servlet Engine: Apache Tomcat/8.5.31
10:15:42.357 [localhost-startStop-1] INFO  o.a.c.c.AprLifecycleListener - [log,180] - The APR based Apache Tomcat Native library which allows optimal performance in production environments was not found on the java.library.path: [C:\Program Files\Java\jdk1.8.0_171\bin;C:\Windows\Sun\Java\bin;C:\Windows\system32;C:\Windows;C:\Program Files (x86)\Common Files\Oracle\Java\javapath;C:\Windows\system32;C:\Windows;C:\Windows\System32\Wbem;C:\Windows\System32\WindowsPowerShell\v1.0\;D:\Program Files\nojs\;E:\SVN\bin;C:\Program Files\Java\jdk1.8.0_171\bin;D:\surface\apache-maven-3.5.3\bin\;D:\Program Files\erl9.3\bin\;D:\Program Files\RabbitMQ Server\rabbitmq_server-3.7.5\sbin;E:\Git\bin;C:\Users\Administrator\AppData\Roaming\npm;D:\Program Files\Microsoft VS Code\bin;.]
10:15:42.518 [localhost-startStop-1] INFO  o.a.c.c.C.[.[.[/] - [log,180] - Initializing Spring embedded WebApplicationContext
10:15:43.082 [restartedMain] INFO  o.h.j.i.u.LogHelper - [logPersistenceUnitInformation,31] - HHH000204: Processing PersistenceUnitInfo [
	name: default
	...]
10:15:43.150 [restartedMain] INFO  o.hibernate.Version - [logVersion,45] - HHH000412: Hibernate Core {5.2.17.Final}
10:15:43.150 [restartedMain] INFO  o.h.cfg.Environment - [<clinit>,213] - HHH000206: hibernate.properties not found
10:15:43.196 [restartedMain] INFO  o.h.a.common.Version - [<clinit>,66] - HCANN000001: Hibernate Commons Annotations {5.0.1.Final}
10:15:43.805 [restartedMain] INFO  o.h.dialect.Dialect - [<init>,157] - HHH000400: Using dialect: org.hibernate.dialect.MySQL5Dialect
10:15:45.197 [restartedMain] INFO  o.q.i.StdSchedulerFactory - [instantiate,1208] - Using default implementation for ThreadExecutor
10:15:45.250 [restartedMain] INFO  o.q.c.SchedulerSignalerImpl - [<init>,61] - Initialized Scheduler Signaller of type: class org.quartz.core.SchedulerSignalerImpl
10:15:45.251 [restartedMain] INFO  o.q.c.QuartzScheduler - [<init>,229] - Quartz Scheduler v.2.3.0 created.
10:15:45.254 [restartedMain] INFO  o.q.s.RAMJobStore - [initialize,155] - RAMJobStore initialized.
10:15:45.255 [restartedMain] INFO  o.q.c.QuartzScheduler - [initialize,294] - Scheduler meta-data: Quartz Scheduler (v2.3.0) 'quartzScheduler' with instanceId 'NON_CLUSTERED'
  Scheduler class: 'org.quartz.core.QuartzScheduler' - running locally.
  NOT STARTED.
  Currently in standby mode.
  Number of jobs executed: 0
  Using thread pool 'org.quartz.simpl.SimpleThreadPool' - with 10 threads.
  Using job-store 'org.quartz.simpl.RAMJobStore' - which does not support persistence. and is not clustered.

10:15:45.255 [restartedMain] INFO  o.q.i.StdSchedulerFactory - [instantiate,1362] - Quartz scheduler 'quartzScheduler' initialized from an externally provided properties instance.
10:15:45.255 [restartedMain] INFO  o.q.i.StdSchedulerFactory - [instantiate,1366] - Quartz scheduler version: 2.3.0
10:15:45.256 [restartedMain] INFO  o.q.c.QuartzScheduler - [setJobFactory,2287] - JobFactory set to: org.springframework.boot.autoconfigure.quartz.AutowireCapableBeanJobFactory@72bf1040
10:15:47.956 [restartedMain] INFO  s.d.s.w.PropertySourcedRequestMappingHandlerMapping - [initHandlerMethods,69] - Mapped URL path [/v2/api-docs] onto method [public org.springframework.http.ResponseEntity<springfox.documentation.spring.web.json.Json> springfox.documentation.swagger2.web.Swagger2Controller.getDocumentation(java.lang.String,javax.servlet.http.HttpServletRequest)]
10:15:50.135 [restartedMain] INFO  s.d.s.w.p.DocumentationPluginsBootstrapper - [start,147] - Context refreshed
10:15:50.167 [restartedMain] INFO  s.d.s.w.p.DocumentationPluginsBootstrapper - [start,150] - Found 1 custom documentation plugin(s)
10:15:50.259 [restartedMain] INFO  s.d.s.w.s.ApiListingReferenceScanner - [scan,41] - Scanning for api listing references
10:15:50.280 [restartedMain] INFO  o.q.c.QuartzScheduler - [start,547] - Scheduler quartzScheduler_$_NON_CLUSTERED started.
10:15:50.291 [restartedMain] INFO  o.a.c.h.Http11NioProtocol - [log,180] - Starting ProtocolHandler ["http-nio-80"]
10:15:50.312 [restartedMain] INFO  o.a.t.u.n.NioSelectorPool - [log,180] - Using a shared selector for servlet write/read
10:15:50.375 [restartedMain] INFO  c.s.Application - [logStarted,59] - Started Application in 16.01 seconds (JVM running for 19.259)
10:17:55.045 [http-nio-80-exec-1] INFO  o.a.c.c.C.[.[.[/] - [log,180] - Initializing Spring FrameworkServlet 'dispatcherServlet'
10:17:55.122 [http-nio-80-exec-1] INFO  o.a.s.s.m.AbstractValidatingSessionManager - [enableSessionValidation,233] - Enabling session validation scheduler...
10:17:55.153 [http-nio-80-exec-1] INFO  o.a.s.c.e.EhCacheManager - [getCache,169] - Using existing EHCache named [shiro-activeSessionCache]
10:17:56.133 [pool-2-thread-1] INFO  c.s.w.s.OnlineWebSessionManager - [validateSessions,73] - invalidation sessions...
10:17:57.313 [pool-2-thread-1] INFO  c.s.w.s.OnlineWebSessionManager - [validateSessions,118] - Finished invalidation session. [2] sessions were stopped.
10:18:01.709 [http-nio-80-exec-7] INFO  sys-user - [log,32] - [127.0.0.1]XX 内网IP[admin][Success][登录成功]
10:27:56.163 [pool-2-thread-1] INFO  c.s.w.s.OnlineWebSessionManager - [validateSessions,73] - invalidation sessions...
10:27:56.209 [pool-2-thread-1] INFO  c.s.w.s.OnlineWebSessionManager - [validateSessions,118] - Finished invalidation session. [2] sessions were stopped.
10:37:56.207 [pool-2-thread-1] INFO  c.s.w.s.OnlineWebSessionManager - [validateSessions,73] - invalidation sessions...
10:37:56.302 [pool-2-thread-1] INFO  c.s.w.s.OnlineWebSessionManager - [validateSessions,118] - Finished invalidation session. [2] sessions were stopped.
10:47:56.231 [pool-2-thread-1] INFO  c.s.w.s.OnlineWebSessionManager - [validateSessions,73] - invalidation sessions...
10:47:56.293 [pool-2-thread-1] INFO  c.s.w.s.OnlineWebSessionManager - [validateSessions,118] - Finished invalidation session. [2] sessions were stopped.
10:57:56.266 [pool-2-thread-1] INFO  c.s.w.s.OnlineWebSessionManager - [validateSessions,73] - invalidation sessions...
10:57:56.316 [pool-2-thread-1] INFO  c.s.w.s.OnlineWebSessionManager - [validateSessions,118] - Finished invalidation session. [3] sessions were stopped.
11:07:56.301 [pool-2-thread-1] INFO  c.s.w.s.OnlineWebSessionManager - [validateSessions,73] - invalidation sessions...
11:07:56.365 [pool-2-thread-1] INFO  c.s.w.s.OnlineWebSessionManager - [validateSessions,118] - Finished invalidation session. [3] sessions were stopped.
11:17:56.336 [pool-2-thread-1] INFO  c.s.w.s.OnlineWebSessionManager - [validateSessions,73] - invalidation sessions...
11:17:56.368 [pool-2-thread-1] INFO  c.s.w.s.OnlineWebSessionManager - [validateSessions,118] - Finished invalidation session. [3] sessions were stopped.
11:27:56.376 [pool-2-thread-1] INFO  c.s.w.s.OnlineWebSessionManager - [validateSessions,73] - invalidation sessions...
11:27:56.429 [pool-2-thread-1] INFO  c.s.w.s.OnlineWebSessionManager - [validateSessions,118] - Finished invalidation session. [3] sessions were stopped.
11:37:56.406 [pool-2-thread-1] INFO  c.s.w.s.OnlineWebSessionManager - [validateSessions,73] - invalidation sessions...
11:37:56.448 [pool-2-thread-1] INFO  c.s.w.s.OnlineWebSessionManager - [validateSessions,118] - Finished invalidation session. [3] sessions were stopped.
11:47:56.441 [pool-2-thread-1] INFO  c.s.w.s.OnlineWebSessionManager - [validateSessions,73] - invalidation sessions...
11:47:56.481 [pool-2-thread-1] INFO  c.s.w.s.OnlineWebSessionManager - [validateSessions,118] - Finished invalidation session. [3] sessions were stopped.
11:57:56.476 [pool-2-thread-1] INFO  c.s.w.s.OnlineWebSessionManager - [validateSessions,73] - invalidation sessions...
11:57:56.509 [pool-2-thread-1] INFO  c.s.w.s.OnlineWebSessionManager - [validateSessions,118] - Finished invalidation session. [3] sessions were stopped.
12:07:56.511 [pool-2-thread-1] INFO  c.s.w.s.OnlineWebSessionManager - [validateSessions,73] - invalidation sessions...
12:07:56.557 [pool-2-thread-1] INFO  c.s.w.s.OnlineWebSessionManager - [validateSessions,118] - Finished invalidation session. [3] sessions were stopped.
12:17:56.546 [pool-2-thread-1] INFO  c.s.w.s.OnlineWebSessionManager - [validateSessions,73] - invalidation sessions...
12:17:56.604 [pool-2-thread-1] INFO  c.s.w.s.OnlineWebSessionManager - [validateSessions,118] - Finished invalidation session. [3] sessions were stopped.
12:27:56.582 [pool-2-thread-1] INFO  c.s.w.s.OnlineWebSessionManager - [validateSessions,73] - invalidation sessions...
12:27:56.604 [pool-2-thread-1] INFO  c.s.w.s.OnlineWebSessionManager - [validateSessions,118] - Finished invalidation session. [3] sessions were stopped.
12:37:56.616 [pool-2-thread-1] INFO  c.s.w.s.OnlineWebSessionManager - [validateSessions,73] - invalidation sessions...
12:37:56.671 [pool-2-thread-1] INFO  c.s.w.s.OnlineWebSessionManager - [validateSessions,118] - Finished invalidation session. [3] sessions were stopped.
12:47:56.652 [pool-2-thread-1] INFO  c.s.w.s.OnlineWebSessionManager - [validateSessions,73] - invalidation sessions...
12:47:56.689 [pool-2-thread-1] INFO  c.s.w.s.OnlineWebSessionManager - [validateSessions,118] - Finished invalidation session. [3] sessions were stopped.
12:57:56.686 [pool-2-thread-1] INFO  c.s.w.s.OnlineWebSessionManager - [validateSessions,73] - invalidation sessions...
12:57:56.721 [pool-2-thread-1] INFO  c.s.w.s.OnlineWebSessionManager - [validateSessions,118] - Finished invalidation session. [3] sessions were stopped.
13:07:56.722 [pool-2-thread-1] INFO  c.s.w.s.OnlineWebSessionManager - [validateSessions,73] - invalidation sessions...
13:07:56.765 [pool-2-thread-1] INFO  c.s.w.s.OnlineWebSessionManager - [validateSessions,118] - Finished invalidation session. [3] sessions were stopped.
13:17:56.757 [pool-2-thread-1] INFO  c.s.w.s.OnlineWebSessionManager - [validateSessions,73] - invalidation sessions...
13:17:56.798 [pool-2-thread-1] INFO  c.s.w.s.OnlineWebSessionManager - [validateSessions,118] - Finished invalidation session. [3] sessions were stopped.
13:27:56.792 [pool-2-thread-1] INFO  c.s.w.s.OnlineWebSessionManager - [validateSessions,73] - invalidation sessions...
13:27:56.827 [pool-2-thread-1] INFO  c.s.w.s.OnlineWebSessionManager - [validateSessions,118] - Finished invalidation session. [3] sessions were stopped.
13:37:56.826 [pool-2-thread-1] INFO  c.s.w.s.OnlineWebSessionManager - [validateSessions,73] - invalidation sessions...
13:37:56.859 [pool-2-thread-1] INFO  c.s.w.s.OnlineWebSessionManager - [validateSessions,118] - Finished invalidation session. [3] sessions were stopped.
13:47:56.862 [pool-2-thread-1] INFO  c.s.w.s.OnlineWebSessionManager - [validateSessions,73] - invalidation sessions...
13:47:56.901 [pool-2-thread-1] INFO  c.s.w.s.OnlineWebSessionManager - [validateSessions,118] - Finished invalidation session. [3] sessions were stopped.
13:57:56.897 [pool-2-thread-1] INFO  c.s.w.s.OnlineWebSessionManager - [validateSessions,73] - invalidation sessions...
13:57:56.935 [pool-2-thread-1] INFO  c.s.w.s.OnlineWebSessionManager - [validateSessions,118] - Finished invalidation session. [3] sessions were stopped.
14:07:56.932 [pool-2-thread-1] INFO  c.s.w.s.OnlineWebSessionManager - [validateSessions,73] - invalidation sessions...
14:07:56.967 [pool-2-thread-1] INFO  c.s.w.s.OnlineWebSessionManager - [validateSessions,118] - Finished invalidation session. [3] sessions were stopped.
14:17:56.967 [pool-2-thread-1] INFO  c.s.w.s.OnlineWebSessionManager - [validateSessions,73] - invalidation sessions...
14:17:57.031 [pool-2-thread-1] INFO  c.s.w.s.OnlineWebSessionManager - [validateSessions,118] - Finished invalidation session. [3] sessions were stopped.
14:27:57.002 [pool-2-thread-1] INFO  c.s.w.s.OnlineWebSessionManager - [validateSessions,73] - invalidation sessions...
14:27:57.039 [pool-2-thread-1] INFO  c.s.w.s.OnlineWebSessionManager - [validateSessions,118] - Finished invalidation session. [3] sessions were stopped.
14:37:57.037 [pool-2-thread-1] INFO  c.s.w.s.OnlineWebSessionManager - [validateSessions,73] - invalidation sessions...
14:37:57.067 [pool-2-thread-1] INFO  c.s.w.s.OnlineWebSessionManager - [validateSessions,118] - Finished invalidation session. [3] sessions were stopped.
14:47:57.072 [pool-2-thread-1] INFO  c.s.w.s.OnlineWebSessionManager - [validateSessions,73] - invalidation sessions...
14:47:57.114 [pool-2-thread-1] INFO  c.s.w.s.OnlineWebSessionManager - [validateSessions,118] - Finished invalidation session. [3] sessions were stopped.
14:57:57.107 [pool-2-thread-1] INFO  c.s.w.s.OnlineWebSessionManager - [validateSessions,73] - invalidation sessions...
14:57:57.145 [pool-2-thread-1] INFO  c.s.w.s.OnlineWebSessionManager - [validateSessions,118] - Finished invalidation session. [3] sessions were stopped.
15:07:57.142 [pool-2-thread-1] INFO  c.s.w.s.OnlineWebSessionManager - [validateSessions,73] - invalidation sessions...
15:07:57.184 [pool-2-thread-1] INFO  c.s.w.s.OnlineWebSessionManager - [validateSessions,118] - Finished invalidation session. [3] sessions were stopped.
16:04:58.698 [pool-2-thread-1] INFO  c.s.w.s.OnlineWebSessionManager - [validateSessions,73] - invalidation sessions...
16:04:59.192 [pool-2-thread-1] INFO  c.s.w.s.OnlineWebSessionManager - [validateSessions,118] - Finished invalidation session. [3] sessions were stopped.
16:04:59.192 [pool-2-thread-1] INFO  c.s.w.s.OnlineWebSessionManager - [validateSessions,73] - invalidation sessions...
16:04:59.218 [pool-2-thread-1] INFO  c.s.w.s.OnlineWebSessionManager - [validateSessions,118] - Finished invalidation session. [3] sessions were stopped.
16:04:59.218 [pool-2-thread-1] INFO  c.s.w.s.OnlineWebSessionManager - [validateSessions,73] - invalidation sessions...
16:04:59.248 [pool-2-thread-1] INFO  c.s.w.s.OnlineWebSessionManager - [validateSessions,118] - Finished invalidation session. [3] sessions were stopped.
16:04:59.248 [pool-2-thread-1] INFO  c.s.w.s.OnlineWebSessionManager - [validateSessions,73] - invalidation sessions...
16:04:59.275 [pool-2-thread-1] INFO  c.s.w.s.OnlineWebSessionManager - [validateSessions,118] - Finished invalidation session. [3] sessions were stopped.
16:04:59.275 [pool-2-thread-1] INFO  c.s.w.s.OnlineWebSessionManager - [validateSessions,73] - invalidation sessions...
16:04:59.323 [pool-2-thread-1] INFO  c.s.w.s.OnlineWebSessionManager - [validateSessions,118] - Finished invalidation session. [3] sessions were stopped.
16:07:57.353 [pool-2-thread-1] INFO  c.s.w.s.OnlineWebSessionManager - [validateSessions,73] - invalidation sessions...
16:07:57.381 [pool-2-thread-1] INFO  c.s.w.s.OnlineWebSessionManager - [validateSessions,118] - Finished invalidation session. [3] sessions were stopped.
16:17:57.388 [pool-2-thread-1] INFO  c.s.w.s.OnlineWebSessionManager - [validateSessions,73] - invalidation sessions...
16:17:57.420 [pool-2-thread-1] INFO  c.s.w.s.OnlineWebSessionManager - [validateSessions,118] - Finished invalidation session. [3] sessions were stopped.
16:27:57.423 [pool-2-thread-1] INFO  c.s.w.s.OnlineWebSessionManager - [validateSessions,73] - invalidation sessions...
16:27:57.462 [pool-2-thread-1] INFO  c.s.w.s.OnlineWebSessionManager - [validateSessions,118] - Finished invalidation session. [3] sessions were stopped.
16:37:57.458 [pool-2-thread-1] INFO  c.s.w.s.OnlineWebSessionManager - [validateSessions,73] - invalidation sessions...
16:37:57.500 [pool-2-thread-1] INFO  c.s.w.s.OnlineWebSessionManager - [validateSessions,118] - Finished invalidation session. [3] sessions were stopped.
16:47:57.493 [pool-2-thread-1] INFO  c.s.w.s.OnlineWebSessionManager - [validateSessions,73] - invalidation sessions...
16:47:57.546 [pool-2-thread-1] INFO  c.s.w.s.OnlineWebSessionManager - [validateSessions,118] - Finished invalidation session. [3] sessions were stopped.
